2024-11-12 22:08:07,119 ERROR frappe New Exception collected in error log
Site: final.local
Form Dict: {}
2024-11-12 22:08:07,766 ERROR frappe New Exception collected in error log
Site: final.local
Form Dict: {}
2024-11-12 22:11:41,872 ERROR frappe New Exception collected in error log
Site: final.local
Form Dict: {}
2024-11-12 22:11:42,307 ERROR frappe New Exception collected in error log
Site: final.local
Form Dict: {}
2024-11-12 22:14:36,591 ERROR frappe New Exception collected in error log
Site: final.local
Form Dict: {'args': '{"language":"English","country":"Egypt","timezone":"Africa/Cairo","currency":"EGP","full_name":"roaa","email":"roaaabdelhadyy@gmail.com","password":"14101001","company_name":"roaa","company_abbr":"R","chart_of_accounts":"Standard","fy_start_date":"2024-07-01","fy_end_date":"2025-06-30","setup_demo":0}', 'cmd': 'frappe.desk.page.setup_wizard.setup_wizard.setup_complete'}
2024-11-12 22:15:00,056 ERROR frappe New Exception collected in error log
Site: final.local
Form Dict: {'args': '{"language":"English","country":"Egypt","timezone":"Africa/Cairo","currency":"EGP","full_name":"roaa","email":"roaaabdelhadyy@gmail.com","password":"14101001","company_name":"roaa","company_abbr":"R","chart_of_accounts":"Standard","fy_start_date":"2024-07-01","fy_end_date":"2025-06-30","setup_demo":0}', 'cmd': 'frappe.desk.page.setup_wizard.setup_wizard.setup_complete'}
2024-11-12 22:17:15,652 ERROR frappe Error while inserting deferred Error Log record: Error Log qslmbmg3v1: 'Title' (Module import failed for User Role Profile, the DocType you're trying to open might be deleted.
Error: No module named 'frappe.core.doctype.user_role_profile.user_role_profile') will get truncated, as max characters allowed is 140
Site: final.local
Form Dict: {}
2024-11-12 22:17:15,655 ERROR frappe Error while inserting deferred Error Log record: Error Log 52mqc5un93: 'Title' (Module import failed for User Role Profile, the DocType you're trying to open might be deleted.
Error: No module named 'frappe.core.doctype.user_role_profile.user_role_profile') will get truncated, as max characters allowed is 140
Site: final.local
Form Dict: {}
2024-11-12 23:04:29,344 ERROR frappe Could not take error snapshot: 'NoneType' object has no attribute 'get'
Site: final.local
Form Dict: {}
Traceback (most recent call last):
  File "/home/roaa/final/apps/frappe/frappe/app.py", line 99, in application
    init_request(request)
  File "/home/roaa/final/apps/frappe/frappe/app.py", line 172, in init_request
    frappe.init(site=site, sites_path=_sites_path, force=True)
  File "/home/roaa/final/apps/frappe/frappe/__init__.py", line 313, in init
    setup_module_map(include_all_apps=not (frappe.request or frappe.job or frappe.flags.in_migrate))
  File "/home/roaa/final/apps/frappe/frappe/__init__.py", line 1705, in setup_module_map
    for module in get_module_list(app):
                  ^^^^^^^^^^^^^^^^^^^^
  File "/home/roaa/final/apps/frappe/frappe/__init__.py", line 1553, in get_module_list
    return get_file_items(get_app_path(app_name, "modules.txt"))
                          ^^^^^^^^^^^^^^^^^^^^^^^^^^^^^^^^^^^^^
  File "/home/roaa/final/apps/frappe/frappe/__init__.py", line 1518, in get_app_path
    return get_pymodule_path(app_name, *joins)
           ^^^^^^^^^^^^^^^^^^^^^^^^^^^^^^^^^^^
  File "/home/roaa/final/apps/frappe/frappe/__init__.py", line 1548, in get_pymodule_path
    return abspath(join(dirname(get_module(scrub(modulename)).__file__ or ""), *joins))
                                ^^^^^^^^^^^^^^^^^^^^^^^^^^^^^
  File "/home/roaa/final/apps/frappe/frappe/__init__.py", line 1489, in get_module
    return importlib.import_module(modulename)
           ^^^^^^^^^^^^^^^^^^^^^^^^^^^^^^^^^^^
  File "/usr/lib/python3.12/importlib/__init__.py", line 90, in import_module
    return _bootstrap._gcd_import(name[level:], package, level)
           ^^^^^^^^^^^^^^^^^^^^^^^^^^^^^^^^^^^^^^^^^^^^^^^^^^^^
  File "<frozen importlib._bootstrap>", line 1387, in _gcd_import
  File "<frozen importlib._bootstrap>", line 1360, in _find_and_load
  File "<frozen importlib._bootstrap>", line 1324, in _find_and_load_unlocked
ModuleNotFoundError: No module named 'propms'

During handling of the above exception, another exception occurred:

Traceback (most recent call last):
  File "/home/roaa/final/apps/frappe/frappe/utils/error.py", line 86, in log_error_snapshot
    log_error(title=str(exception), defer_insert=True)
  File "/home/roaa/final/apps/frappe/frappe/utils/error.py", line 61, in log_error
    error_log = frappe.get_doc(
                ^^^^^^^^^^^^^^^
  File "/home/roaa/final/apps/frappe/frappe/__init__.py", line 1346, in get_doc
    doc = frappe.model.document.get_doc(*args, **kwargs)
          ^^^^^^^^^^^^^^^^^^^^^^^^^^^^^^^^^^^^^^^^^^^^^^
  File "/home/roaa/final/apps/frappe/frappe/model/document.py", line 83, in get_doc
    controller = get_controller(doctype)
                 ^^^^^^^^^^^^^^^^^^^^^^^
  File "/home/roaa/final/apps/frappe/frappe/model/base_document.py", line 66, in get_controller
    return import_controller(doctype)
           ^^^^^^^^^^^^^^^^^^^^^^^^^^
  File "/home/roaa/final/apps/frappe/frappe/model/base_document.py", line 95, in import_controller
    module = load_doctype_module(doctype, module_name)
             ^^^^^^^^^^^^^^^^^^^^^^^^^^^^^^^^^^^^^^^^^
  File "/home/roaa/final/apps/frappe/frappe/modules/utils.py", line 248, in load_doctype_module
    app = get_module_app(module)
          ^^^^^^^^^^^^^^^^^^^^^^
  File "/home/roaa/final/apps/frappe/frappe/modules/utils.py", line 271, in get_module_app
    app = frappe.local.module_app.get(scrub(module))
          ^^^^^^^^^^^^^^^^^^^^^^^^^^^
AttributeError: 'NoneType' object has no attribute 'get'
2024-11-12 23:04:31,906 ERROR frappe Could not take error snapshot: 'NoneType' object has no attribute 'get'
Site: final.local
Form Dict: {}
Traceback (most recent call last):
  File "/home/roaa/final/apps/frappe/frappe/app.py", line 99, in application
    init_request(request)
  File "/home/roaa/final/apps/frappe/frappe/app.py", line 172, in init_request
    frappe.init(site=site, sites_path=_sites_path, force=True)
  File "/home/roaa/final/apps/frappe/frappe/__init__.py", line 313, in init
    setup_module_map(include_all_apps=not (frappe.request or frappe.job or frappe.flags.in_migrate))
  File "/home/roaa/final/apps/frappe/frappe/__init__.py", line 1705, in setup_module_map
    for module in get_module_list(app):
                  ^^^^^^^^^^^^^^^^^^^^
  File "/home/roaa/final/apps/frappe/frappe/__init__.py", line 1553, in get_module_list
    return get_file_items(get_app_path(app_name, "modules.txt"))
                          ^^^^^^^^^^^^^^^^^^^^^^^^^^^^^^^^^^^^^
  File "/home/roaa/final/apps/frappe/frappe/__init__.py", line 1518, in get_app_path
    return get_pymodule_path(app_name, *joins)
           ^^^^^^^^^^^^^^^^^^^^^^^^^^^^^^^^^^^
  File "/home/roaa/final/apps/frappe/frappe/__init__.py", line 1548, in get_pymodule_path
    return abspath(join(dirname(get_module(scrub(modulename)).__file__ or ""), *joins))
                                ^^^^^^^^^^^^^^^^^^^^^^^^^^^^^
  File "/home/roaa/final/apps/frappe/frappe/__init__.py", line 1489, in get_module
    return importlib.import_module(modulename)
           ^^^^^^^^^^^^^^^^^^^^^^^^^^^^^^^^^^^
  File "/usr/lib/python3.12/importlib/__init__.py", line 90, in import_module
    return _bootstrap._gcd_import(name[level:], package, level)
           ^^^^^^^^^^^^^^^^^^^^^^^^^^^^^^^^^^^^^^^^^^^^^^^^^^^^
  File "<frozen importlib._bootstrap>", line 1387, in _gcd_import
  File "<frozen importlib._bootstrap>", line 1360, in _find_and_load
  File "<frozen importlib._bootstrap>", line 1324, in _find_and_load_unlocked
ModuleNotFoundError: No module named 'propms'

During handling of the above exception, another exception occurred:

Traceback (most recent call last):
  File "/home/roaa/final/apps/frappe/frappe/utils/error.py", line 86, in log_error_snapshot
    log_error(title=str(exception), defer_insert=True)
  File "/home/roaa/final/apps/frappe/frappe/utils/error.py", line 61, in log_error
    error_log = frappe.get_doc(
                ^^^^^^^^^^^^^^^
  File "/home/roaa/final/apps/frappe/frappe/__init__.py", line 1346, in get_doc
    doc = frappe.model.document.get_doc(*args, **kwargs)
          ^^^^^^^^^^^^^^^^^^^^^^^^^^^^^^^^^^^^^^^^^^^^^^
  File "/home/roaa/final/apps/frappe/frappe/model/document.py", line 83, in get_doc
    controller = get_controller(doctype)
                 ^^^^^^^^^^^^^^^^^^^^^^^
  File "/home/roaa/final/apps/frappe/frappe/model/base_document.py", line 66, in get_controller
    return import_controller(doctype)
           ^^^^^^^^^^^^^^^^^^^^^^^^^^
  File "/home/roaa/final/apps/frappe/frappe/model/base_document.py", line 95, in import_controller
    module = load_doctype_module(doctype, module_name)
             ^^^^^^^^^^^^^^^^^^^^^^^^^^^^^^^^^^^^^^^^^
  File "/home/roaa/final/apps/frappe/frappe/modules/utils.py", line 248, in load_doctype_module
    app = get_module_app(module)
          ^^^^^^^^^^^^^^^^^^^^^^
  File "/home/roaa/final/apps/frappe/frappe/modules/utils.py", line 271, in get_module_app
    app = frappe.local.module_app.get(scrub(module))
          ^^^^^^^^^^^^^^^^^^^^^^^^^^^
AttributeError: 'NoneType' object has no attribute 'get'
2024-11-18 15:03:44,008 ERROR frappe New Exception collected in error log
Site: final.local
Form Dict: {}
2024-11-18 18:04:27,167 ERROR frappe Could not take error snapshot: No module named 'my_crm_app'
Site: final.local
Form Dict: {}
Traceback (most recent call last):
  File "/home/roaa/final/apps/frappe/frappe/app.py", line 99, in application
    init_request(request)
  File "/home/roaa/final/apps/frappe/frappe/app.py", line 172, in init_request
    frappe.init(site=site, sites_path=_sites_path, force=True)
  File "/home/roaa/final/apps/frappe/frappe/__init__.py", line 313, in init
    setup_module_map(include_all_apps=not (frappe.request or frappe.job or frappe.flags.in_migrate))
  File "/home/roaa/final/apps/frappe/frappe/__init__.py", line 1705, in setup_module_map
    for module in get_module_list(app):
                  ^^^^^^^^^^^^^^^^^^^^
  File "/home/roaa/final/apps/frappe/frappe/__init__.py", line 1553, in get_module_list
    return get_file_items(get_app_path(app_name, "modules.txt"))
                          ^^^^^^^^^^^^^^^^^^^^^^^^^^^^^^^^^^^^^
  File "/home/roaa/final/apps/frappe/frappe/__init__.py", line 1518, in get_app_path
    return get_pymodule_path(app_name, *joins)
           ^^^^^^^^^^^^^^^^^^^^^^^^^^^^^^^^^^^
  File "/home/roaa/final/apps/frappe/frappe/__init__.py", line 1548, in get_pymodule_path
    return abspath(join(dirname(get_module(scrub(modulename)).__file__ or ""), *joins))
                                ^^^^^^^^^^^^^^^^^^^^^^^^^^^^^
  File "/home/roaa/final/apps/frappe/frappe/__init__.py", line 1489, in get_module
    return importlib.import_module(modulename)
           ^^^^^^^^^^^^^^^^^^^^^^^^^^^^^^^^^^^
  File "/usr/lib/python3.12/importlib/__init__.py", line 90, in import_module
    return _bootstrap._gcd_import(name[level:], package, level)
           ^^^^^^^^^^^^^^^^^^^^^^^^^^^^^^^^^^^^^^^^^^^^^^^^^^^^
  File "<frozen importlib._bootstrap>", line 1387, in _gcd_import
  File "<frozen importlib._bootstrap>", line 1360, in _find_and_load
  File "<frozen importlib._bootstrap>", line 1324, in _find_and_load_unlocked
ModuleNotFoundError: No module named 'my_crm_app'

During handling of the above exception, another exception occurred:

Traceback (most recent call last):
  File "/home/roaa/final/apps/frappe/frappe/utils/error.py", line 86, in log_error_snapshot
    log_error(title=str(exception), defer_insert=True)
  File "/home/roaa/final/apps/frappe/frappe/utils/error.py", line 61, in log_error
    error_log = frappe.get_doc(
                ^^^^^^^^^^^^^^^
  File "/home/roaa/final/apps/frappe/frappe/__init__.py", line 1346, in get_doc
    doc = frappe.model.document.get_doc(*args, **kwargs)
          ^^^^^^^^^^^^^^^^^^^^^^^^^^^^^^^^^^^^^^^^^^^^^^
  File "/home/roaa/final/apps/frappe/frappe/model/document.py", line 83, in get_doc
    controller = get_controller(doctype)
                 ^^^^^^^^^^^^^^^^^^^^^^^
  File "/home/roaa/final/apps/frappe/frappe/model/base_document.py", line 66, in get_controller
    return import_controller(doctype)
           ^^^^^^^^^^^^^^^^^^^^^^^^^^
  File "/home/roaa/final/apps/frappe/frappe/model/base_document.py", line 88, in import_controller
    class_overrides = frappe.get_hooks("override_doctype_class")
                      ^^^^^^^^^^^^^^^^^^^^^^^^^^^^^^^^^^^^^^^^^^
  File "/home/roaa/final/apps/csf_tz/csf_tz/__init__.py", line 41, in get_hooks
    return old_get_hooks(*args, **kwargs)
           ^^^^^^^^^^^^^^^^^^^^^^^^^^^^^^
  File "/home/roaa/final/apps/frappe/frappe/__init__.py", line 1654, in get_hooks
    hooks = _dict(_load_app_hooks())
                  ^^^^^^^^^^^^^^^^^
  File "/home/roaa/final/apps/frappe/frappe/utils/caching.py", line 47, in wrapper
    return func(*args, **kwargs)
           ^^^^^^^^^^^^^^^^^^^^^
  File "/home/roaa/final/apps/frappe/frappe/__init__.py", line 1623, in _load_app_hooks
    app_hooks = get_module(f"{app}.hooks")
                ^^^^^^^^^^^^^^^^^^^^^^^^^^
  File "/home/roaa/final/apps/frappe/frappe/__init__.py", line 1489, in get_module
    return importlib.import_module(modulename)
           ^^^^^^^^^^^^^^^^^^^^^^^^^^^^^^^^^^^
  File "/usr/lib/python3.12/importlib/__init__.py", line 90, in import_module
    return _bootstrap._gcd_import(name[level:], package, level)
           ^^^^^^^^^^^^^^^^^^^^^^^^^^^^^^^^^^^^^^^^^^^^^^^^^^^^
  File "<frozen importlib._bootstrap>", line 1387, in _gcd_import
  File "<frozen importlib._bootstrap>", line 1360, in _find_and_load
  File "<frozen importlib._bootstrap>", line 1310, in _find_and_load_unlocked
  File "<frozen importlib._bootstrap>", line 488, in _call_with_frames_removed
  File "<frozen importlib._bootstrap>", line 1387, in _gcd_import
  File "<frozen importlib._bootstrap>", line 1360, in _find_and_load
  File "<frozen importlib._bootstrap>", line 1324, in _find_and_load_unlocked
ModuleNotFoundError: No module named 'my_crm_app'
2024-11-18 18:09:27,034 ERROR frappe Could not take error snapshot: No module named 'my_crm_app'
Site: final.local
Form Dict: {}
Traceback (most recent call last):
  File "/home/roaa/final/apps/frappe/frappe/app.py", line 99, in application
    init_request(request)
  File "/home/roaa/final/apps/frappe/frappe/app.py", line 172, in init_request
    frappe.init(site=site, sites_path=_sites_path, force=True)
  File "/home/roaa/final/apps/frappe/frappe/__init__.py", line 313, in init
    setup_module_map(include_all_apps=not (frappe.request or frappe.job or frappe.flags.in_migrate))
  File "/home/roaa/final/apps/frappe/frappe/__init__.py", line 1705, in setup_module_map
    for module in get_module_list(app):
                  ^^^^^^^^^^^^^^^^^^^^
  File "/home/roaa/final/apps/frappe/frappe/__init__.py", line 1553, in get_module_list
    return get_file_items(get_app_path(app_name, "modules.txt"))
                          ^^^^^^^^^^^^^^^^^^^^^^^^^^^^^^^^^^^^^
  File "/home/roaa/final/apps/frappe/frappe/__init__.py", line 1518, in get_app_path
    return get_pymodule_path(app_name, *joins)
           ^^^^^^^^^^^^^^^^^^^^^^^^^^^^^^^^^^^
  File "/home/roaa/final/apps/frappe/frappe/__init__.py", line 1548, in get_pymodule_path
    return abspath(join(dirname(get_module(scrub(modulename)).__file__ or ""), *joins))
                                ^^^^^^^^^^^^^^^^^^^^^^^^^^^^^
  File "/home/roaa/final/apps/frappe/frappe/__init__.py", line 1489, in get_module
    return importlib.import_module(modulename)
           ^^^^^^^^^^^^^^^^^^^^^^^^^^^^^^^^^^^
  File "/usr/lib/python3.12/importlib/__init__.py", line 90, in import_module
    return _bootstrap._gcd_import(name[level:], package, level)
           ^^^^^^^^^^^^^^^^^^^^^^^^^^^^^^^^^^^^^^^^^^^^^^^^^^^^
  File "<frozen importlib._bootstrap>", line 1387, in _gcd_import
  File "<frozen importlib._bootstrap>", line 1360, in _find_and_load
  File "<frozen importlib._bootstrap>", line 1324, in _find_and_load_unlocked
ModuleNotFoundError: No module named 'my_crm_app'

During handling of the above exception, another exception occurred:

Traceback (most recent call last):
  File "/home/roaa/final/apps/frappe/frappe/utils/error.py", line 86, in log_error_snapshot
    log_error(title=str(exception), defer_insert=True)
  File "/home/roaa/final/apps/frappe/frappe/utils/error.py", line 61, in log_error
    error_log = frappe.get_doc(
                ^^^^^^^^^^^^^^^
  File "/home/roaa/final/apps/frappe/frappe/__init__.py", line 1346, in get_doc
    doc = frappe.model.document.get_doc(*args, **kwargs)
          ^^^^^^^^^^^^^^^^^^^^^^^^^^^^^^^^^^^^^^^^^^^^^^
  File "/home/roaa/final/apps/frappe/frappe/model/document.py", line 83, in get_doc
    controller = get_controller(doctype)
                 ^^^^^^^^^^^^^^^^^^^^^^^
  File "/home/roaa/final/apps/frappe/frappe/model/base_document.py", line 66, in get_controller
    return import_controller(doctype)
           ^^^^^^^^^^^^^^^^^^^^^^^^^^
  File "/home/roaa/final/apps/frappe/frappe/model/base_document.py", line 88, in import_controller
    class_overrides = frappe.get_hooks("override_doctype_class")
                      ^^^^^^^^^^^^^^^^^^^^^^^^^^^^^^^^^^^^^^^^^^
  File "/home/roaa/final/apps/csf_tz/csf_tz/__init__.py", line 41, in get_hooks
    return old_get_hooks(*args, **kwargs)
           ^^^^^^^^^^^^^^^^^^^^^^^^^^^^^^
  File "/home/roaa/final/apps/frappe/frappe/__init__.py", line 1654, in get_hooks
    hooks = _dict(_load_app_hooks())
                  ^^^^^^^^^^^^^^^^^
  File "/home/roaa/final/apps/frappe/frappe/utils/caching.py", line 47, in wrapper
    return func(*args, **kwargs)
           ^^^^^^^^^^^^^^^^^^^^^
  File "/home/roaa/final/apps/frappe/frappe/__init__.py", line 1623, in _load_app_hooks
    app_hooks = get_module(f"{app}.hooks")
                ^^^^^^^^^^^^^^^^^^^^^^^^^^
  File "/home/roaa/final/apps/frappe/frappe/__init__.py", line 1489, in get_module
    return importlib.import_module(modulename)
           ^^^^^^^^^^^^^^^^^^^^^^^^^^^^^^^^^^^
  File "/usr/lib/python3.12/importlib/__init__.py", line 90, in import_module
    return _bootstrap._gcd_import(name[level:], package, level)
           ^^^^^^^^^^^^^^^^^^^^^^^^^^^^^^^^^^^^^^^^^^^^^^^^^^^^
  File "<frozen importlib._bootstrap>", line 1387, in _gcd_import
  File "<frozen importlib._bootstrap>", line 1360, in _find_and_load
  File "<frozen importlib._bootstrap>", line 1310, in _find_and_load_unlocked
  File "<frozen importlib._bootstrap>", line 488, in _call_with_frames_removed
  File "<frozen importlib._bootstrap>", line 1387, in _gcd_import
  File "<frozen importlib._bootstrap>", line 1360, in _find_and_load
  File "<frozen importlib._bootstrap>", line 1324, in _find_and_load_unlocked
ModuleNotFoundError: No module named 'my_crm_app'
2024-11-18 19:27:20,318 ERROR frappe Could not take error snapshot: No module named 'sidebar_collapsed_default'
Site: final.local
Form Dict: {}
Traceback (most recent call last):
  File "/home/roaa/final/apps/frappe/frappe/app.py", line 99, in application
    init_request(request)
  File "/home/roaa/final/apps/frappe/frappe/app.py", line 172, in init_request
    frappe.init(site=site, sites_path=_sites_path, force=True)
  File "/home/roaa/final/apps/frappe/frappe/__init__.py", line 313, in init
    setup_module_map(include_all_apps=not (frappe.request or frappe.job or frappe.flags.in_migrate))
  File "/home/roaa/final/apps/frappe/frappe/__init__.py", line 1705, in setup_module_map
    for module in get_module_list(app):
                  ^^^^^^^^^^^^^^^^^^^^
  File "/home/roaa/final/apps/frappe/frappe/__init__.py", line 1553, in get_module_list
    return get_file_items(get_app_path(app_name, "modules.txt"))
                          ^^^^^^^^^^^^^^^^^^^^^^^^^^^^^^^^^^^^^
  File "/home/roaa/final/apps/frappe/frappe/__init__.py", line 1518, in get_app_path
    return get_pymodule_path(app_name, *joins)
           ^^^^^^^^^^^^^^^^^^^^^^^^^^^^^^^^^^^
  File "/home/roaa/final/apps/frappe/frappe/__init__.py", line 1548, in get_pymodule_path
    return abspath(join(dirname(get_module(scrub(modulename)).__file__ or ""), *joins))
                                ^^^^^^^^^^^^^^^^^^^^^^^^^^^^^
  File "/home/roaa/final/apps/frappe/frappe/__init__.py", line 1489, in get_module
    return importlib.import_module(modulename)
           ^^^^^^^^^^^^^^^^^^^^^^^^^^^^^^^^^^^
  File "/usr/lib/python3.12/importlib/__init__.py", line 90, in import_module
    return _bootstrap._gcd_import(name[level:], package, level)
           ^^^^^^^^^^^^^^^^^^^^^^^^^^^^^^^^^^^^^^^^^^^^^^^^^^^^
  File "<frozen importlib._bootstrap>", line 1387, in _gcd_import
  File "<frozen importlib._bootstrap>", line 1360, in _find_and_load
  File "<frozen importlib._bootstrap>", line 1324, in _find_and_load_unlocked
ModuleNotFoundError: No module named 'sidebar_collapsed_default'

During handling of the above exception, another exception occurred:

Traceback (most recent call last):
  File "/home/roaa/final/apps/frappe/frappe/utils/error.py", line 86, in log_error_snapshot
    log_error(title=str(exception), defer_insert=True)
  File "/home/roaa/final/apps/frappe/frappe/utils/error.py", line 61, in log_error
    error_log = frappe.get_doc(
                ^^^^^^^^^^^^^^^
  File "/home/roaa/final/apps/frappe/frappe/__init__.py", line 1346, in get_doc
    doc = frappe.model.document.get_doc(*args, **kwargs)
          ^^^^^^^^^^^^^^^^^^^^^^^^^^^^^^^^^^^^^^^^^^^^^^
  File "/home/roaa/final/apps/frappe/frappe/model/document.py", line 83, in get_doc
    controller = get_controller(doctype)
                 ^^^^^^^^^^^^^^^^^^^^^^^
  File "/home/roaa/final/apps/frappe/frappe/model/base_document.py", line 66, in get_controller
    return import_controller(doctype)
           ^^^^^^^^^^^^^^^^^^^^^^^^^^
  File "/home/roaa/final/apps/frappe/frappe/model/base_document.py", line 88, in import_controller
    class_overrides = frappe.get_hooks("override_doctype_class")
                      ^^^^^^^^^^^^^^^^^^^^^^^^^^^^^^^^^^^^^^^^^^
  File "/home/roaa/final/apps/csf_tz/csf_tz/__init__.py", line 41, in get_hooks
    return old_get_hooks(*args, **kwargs)
           ^^^^^^^^^^^^^^^^^^^^^^^^^^^^^^
  File "/home/roaa/final/apps/frappe/frappe/__init__.py", line 1654, in get_hooks
    hooks = _dict(_load_app_hooks())
                  ^^^^^^^^^^^^^^^^^
  File "/home/roaa/final/apps/frappe/frappe/utils/caching.py", line 47, in wrapper
    return func(*args, **kwargs)
           ^^^^^^^^^^^^^^^^^^^^^
  File "/home/roaa/final/apps/frappe/frappe/__init__.py", line 1623, in _load_app_hooks
    app_hooks = get_module(f"{app}.hooks")
                ^^^^^^^^^^^^^^^^^^^^^^^^^^
  File "/home/roaa/final/apps/frappe/frappe/__init__.py", line 1489, in get_module
    return importlib.import_module(modulename)
           ^^^^^^^^^^^^^^^^^^^^^^^^^^^^^^^^^^^
  File "/usr/lib/python3.12/importlib/__init__.py", line 90, in import_module
    return _bootstrap._gcd_import(name[level:], package, level)
           ^^^^^^^^^^^^^^^^^^^^^^^^^^^^^^^^^^^^^^^^^^^^^^^^^^^^
  File "<frozen importlib._bootstrap>", line 1387, in _gcd_import
  File "<frozen importlib._bootstrap>", line 1360, in _find_and_load
  File "<frozen importlib._bootstrap>", line 1310, in _find_and_load_unlocked
  File "<frozen importlib._bootstrap>", line 488, in _call_with_frames_removed
  File "<frozen importlib._bootstrap>", line 1387, in _gcd_import
  File "<frozen importlib._bootstrap>", line 1360, in _find_and_load
  File "<frozen importlib._bootstrap>", line 1324, in _find_and_load_unlocked
ModuleNotFoundError: No module named 'sidebar_collapsed_default'
2024-11-19 19:46:08,223 ERROR frappe New Exception collected in error log
Site: final.local
Form Dict: {'doc': '{"docstatus":0,"doctype":"CRM Lead","name":"new-crm-lead-ilhxprajzd","__islocal":1,"__unsaved":1,"owner":"Administrator","naming_series":"CRM-LEAD-.YYYY.-","status":"New","no_of_employees":"1-10","converted":0,"duplicated":0,"sla_status":"","communication_status":"Open","status_change_log":[],"first_name":"try","phone":"01225796352","rating":1}', 'action': 'Save', 'cmd': 'frappe.desk.form.save.savedocs'}
2024-11-19 19:46:28,153 ERROR frappe New Exception collected in error log
Site: final.local
Form Dict: {'doc': '{"docstatus":0,"doctype":"CRM Lead","name":"new-crm-lead-ilhxprajzd","__islocal":1,"__unsaved":1,"owner":"Administrator","naming_series":"CRM-LEAD-.YYYY.-","status":"New","no_of_employees":"1-10","converted":0,"duplicated":0,"sla_status":"","communication_status":"Open","status_change_log":[],"first_name":"try","phone":"01225796352","rating":1}', 'action': 'Save', 'cmd': 'frappe.desk.form.save.savedocs'}
2024-11-19 20:00:33,093 ERROR frappe New Exception collected in error log
Site: final.local
Form Dict: {'doc': '{"docstatus":0,"doctype":"CRM Lead","name":"new-crm-lead-wduwvesuqo","__islocal":1,"__unsaved":1,"owner":"Administrator","naming_series":"CRM-LEAD-.YYYY.-","status":"New","no_of_employees":"1-10","converted":0,"duplicated":0,"sla_status":"","communication_status":"Open","status_change_log":[],"phone":"01225796352","salutation":"Madam","first_name":"ms"}', 'action': 'Save', 'cmd': 'frappe.desk.form.save.savedocs'}
2024-11-19 20:10:21,355 ERROR frappe New Exception collected in error log
Site: final.local
Form Dict: {'doc': '{"docstatus":0,"doctype":"CRM Lead","name":"new-crm-lead-neupqvwqbg","__islocal":1,"__unsaved":1,"owner":"Administrator","naming_series":"CRM-LEAD-.YYYY.-","status":"New","no_of_employees":"1-10","converted":0,"duplicated":0,"sla_status":"","communication_status":"Open","status_change_log":[],"salutation":"Ms","phone":"01225796352","first_name":"lp"}', 'action': 'Save', 'cmd': 'frappe.desk.form.save.savedocs'}
2024-11-19 20:11:00,049 ERROR frappe New Exception collected in error log
Site: final.local
Form Dict: {'doc': '{"docstatus":0,"doctype":"CRM Lead","name":"new-crm-lead-jkzgvjjscd","__islocal":1,"__unsaved":1,"owner":"Administrator","naming_series":"CRM-LEAD-.YYYY.-","status":"New","no_of_employees":"1-10","converted":0,"duplicated":0,"sla_status":"","communication_status":"Open","status_change_log":[],"salutation":"Mr","first_name":"mr","phone":"01225796352"}', 'action': 'Save', 'cmd': 'frappe.desk.form.save.savedocs'}
2024-11-19 20:44:15,396 ERROR frappe New Exception collected in error log
Site: final.local
Form Dict: {'doc': '{"docstatus":0,"doctype":"CRM Lead","name":"new-crm-lead-byosrkvded","__islocal":1,"__unsaved":1,"owner":"Administrator","naming_series":"CRM-LEAD-.YYYY.-","status":"New","no_of_employees":"1-10","converted":0,"duplicated":0,"sla_status":"","communication_status":"Open","status_change_log":[],"first_name":"llllllllllllllllllll","phone":"01225796352"}', 'action': 'Save', 'cmd': 'frappe.desk.form.save.savedocs'}
2024-11-19 20:44:57,637 ERROR frappe New Exception collected in error log
Site: final.local
Form Dict: {'doc': '{"docstatus":0,"doctype":"CRM Lead","name":"new-crm-lead-kepjdbdxvz","__islocal":1,"__unsaved":1,"owner":"Administrator","naming_series":"CRM-LEAD-.YYYY.-","status":"New","no_of_employees":"1-10","converted":0,"duplicated":0,"sla_status":"","communication_status":"Open","status_change_log":[],"salutation":"Mr","first_name":"nnnnnnnnnnnn","phone":"01225796352"}', 'action': 'Save', 'cmd': 'frappe.desk.form.save.savedocs'}
2024-11-19 20:47:46,083 ERROR frappe New Exception collected in error log
Site: final.local
Form Dict: {'doc': '{"docstatus":0,"doctype":"CRM Lead","name":"new-crm-lead-hnjpdjfexs","__islocal":1,"__unsaved":1,"owner":"Administrator","naming_series":"CRM-LEAD-.YYYY.-","status":"New","no_of_employees":"1-10","converted":0,"duplicated":0,"sla_status":"","communication_status":"Open","status_change_log":[],"salutation":"Mr","phone":"01225796352","first_name":"lllllllllllllllllllll"}', 'action': 'Save', 'cmd': 'frappe.desk.form.save.savedocs'}
2024-11-19 20:52:44,121 ERROR frappe New Exception collected in error log
Site: final.local
Form Dict: {'doc': '{"docstatus":0,"doctype":"CRM Lead","name":"new-crm-lead-kdlehpqqoi","__islocal":1,"__unsaved":1,"owner":"Administrator","naming_series":"CRM-LEAD-.YYYY.-","status":"New","no_of_employees":"1-10","converted":0,"duplicated":0,"sla_status":"","communication_status":"Open","status_change_log":[],"salutation":"Miss","first_name":"mmmmmmmmmmmmmm","phone":"01225796352"}', 'action': 'Save', 'cmd': 'frappe.desk.form.save.savedocs'}
2024-11-19 20:53:16,088 ERROR frappe New Exception collected in error log
Site: final.local
Form Dict: {'doc': '{"docstatus":0,"doctype":"CRM Lead","name":"new-crm-lead-shutqpvxak","__islocal":1,"__unsaved":1,"owner":"Administrator","naming_series":"CRM-LEAD-.YYYY.-","status":"New","no_of_employees":"1-10","converted":0,"duplicated":0,"sla_status":"","communication_status":"Open","status_change_log":[],"salutation":"Madam","first_name":"nnnnnn","phone":"01225796352"}', 'action': 'Save', 'cmd': 'frappe.desk.form.save.savedocs'}
2024-11-19 20:57:44,787 ERROR frappe New Exception collected in error log
Site: final.local
Form Dict: {'doc': '{"docstatus":0,"doctype":"CRM Lead","name":"new-crm-lead-dlxuqivsjw","__islocal":1,"__unsaved":1,"owner":"Administrator","naming_series":"CRM-LEAD-.YYYY.-","status":"New","no_of_employees":"1-10","converted":0,"duplicated":0,"sla_status":"","communication_status":"Open","status_change_log":[],"salutation":"Miss","first_name":"mnb","phone":"01225796352"}', 'action': 'Save', 'cmd': 'frappe.desk.form.save.savedocs'}
2024-11-19 21:16:05,842 ERROR frappe New Exception collected in error log
Site: final.local
Form Dict: {'doc': '{"docstatus":0,"doctype":"CRM Lead","name":"new-crm-lead-gpfsghobzr","__islocal":1,"__unsaved":1,"owner":"Administrator","naming_series":"CRM-LEAD-.YYYY.-","status":"New","no_of_employees":"1-10","converted":0,"duplicated":0,"sla_status":"","communication_status":"Open","status_change_log":[],"salutation":"Madam","first_name":"lllllll","phone":"01225796352"}', 'action': 'Save', 'cmd': 'frappe.desk.form.save.savedocs'}
2024-11-19 21:20:43,035 ERROR frappe New Exception collected in error log
Site: final.local
Form Dict: {'doc': '{"docstatus":0,"doctype":"CRM Lead","name":"new-crm-lead-wakbnwiemx","__islocal":1,"__unsaved":1,"owner":"Administrator","naming_series":"CRM-LEAD-.YYYY.-","status":"New","no_of_employees":"1-10","converted":0,"duplicated":0,"sla_status":"","communication_status":"Open","status_change_log":[],"salutation":"Master","first_name":"gggggg","phone":"01225796352"}', 'action': 'Save', 'cmd': 'frappe.desk.form.save.savedocs'}
2024-11-19 21:22:23,728 ERROR frappe New Exception collected in error log
Site: final.local
Form Dict: {'doc': '{"docstatus":0,"doctype":"CRM Lead","name":"new-crm-lead-dxqsgfttnd","__islocal":1,"__unsaved":1,"owner":"Administrator","naming_series":"CRM-LEAD-.YYYY.-","status":"New","no_of_employees":"1-10","converted":0,"duplicated":0,"sla_status":"","communication_status":"Open","status_change_log":[],"salutation":"Mr","first_name":"bbbbbbbbb","phone":"01225796352"}', 'action': 'Save', 'cmd': 'frappe.desk.form.save.savedocs'}
2024-11-19 21:23:23,780 ERROR frappe New Exception collected in error log
Site: final.local
Form Dict: {'doc': '{"docstatus":0,"doctype":"CRM Lead","name":"new-crm-lead-juizkgkofr","__islocal":1,"__unsaved":1,"owner":"Administrator","naming_series":"CRM-LEAD-.YYYY.-","status":"New","no_of_employees":"1-10","converted":0,"duplicated":0,"sla_status":"","communication_status":"Open","status_change_log":[],"salutation":"Dr","first_name":"pppppp","phone":"01225796352"}', 'action': 'Save', 'cmd': 'frappe.desk.form.save.savedocs'}
2024-11-19 21:27:47,975 ERROR frappe New Exception collected in error log
Site: final.local
Form Dict: {'doc': '{"docstatus":0,"doctype":"CRM Lead","name":"new-crm-lead-qyetzdlnfk","__islocal":1,"__unsaved":1,"owner":"Administrator","naming_series":"CRM-LEAD-.YYYY.-","status":"New","no_of_employees":"1-10","converted":0,"duplicated":0,"sla_status":"","communication_status":"Open","status_change_log":[],"salutation":"Master","first_name":"ooooo","phone":"01225796352"}', 'action': 'Save', 'cmd': 'frappe.desk.form.save.savedocs'}
2024-11-19 21:28:45,346 ERROR frappe New Exception collected in error log
Site: final.local
Form Dict: {'doc': '{"docstatus":0,"doctype":"CRM Lead","name":"new-crm-lead-qyetzdlnfk","__islocal":1,"__unsaved":1,"owner":"Administrator","naming_series":"CRM-LEAD-.YYYY.-","status":"New","no_of_employees":"1-10","converted":0,"duplicated":0,"sla_status":"","communication_status":"Open","status_change_log":[],"salutation":"Master","first_name":"ooooo","phone":""}', 'action': 'Save', 'cmd': 'frappe.desk.form.save.savedocs'}
2024-11-19 21:29:02,353 ERROR frappe New Exception collected in error log
Site: final.local
Form Dict: {'doc': '{"docstatus":0,"doctype":"CRM Lead","name":"new-crm-lead-afabegvwzr","__islocal":1,"__unsaved":1,"owner":"Administrator","naming_series":"CRM-LEAD-.YYYY.-","status":"New","no_of_employees":"1-10","converted":0,"duplicated":0,"sla_status":"","communication_status":"Open","status_change_log":[],"salutation":"Madam","first_name":"tyty"}', 'action': 'Save', 'cmd': 'frappe.desk.form.save.savedocs'}
2024-11-19 21:31:59,739 ERROR frappe New Exception collected in error log
Site: final.local
Form Dict: {'doc': '{"docstatus":0,"doctype":"CRM Lead","name":"new-crm-lead-kzhochwuej","__islocal":1,"__unsaved":1,"owner":"Administrator","naming_series":"CRM-LEAD-.YYYY.-","status":"New","no_of_employees":"1-10","converted":0,"duplicated":0,"sla_status":"","communication_status":"Open","status_change_log":[],"salutation":"Madam","first_name":"aa","phone":"01225796352"}', 'action': 'Save', 'cmd': 'frappe.desk.form.save.savedocs'}
2024-11-19 21:33:44,515 ERROR frappe New Exception collected in error log
Site: final.local
Form Dict: {'doc': '{"docstatus":0,"doctype":"CRM Lead","name":"new-crm-lead-eerlkzmxpw","__islocal":1,"__unsaved":1,"owner":"Administrator","naming_series":"CRM-LEAD-.YYYY.-","status":"New","no_of_employees":"1-10","converted":0,"duplicated":0,"sla_status":"","communication_status":"Open","status_change_log":[],"salutation":"Master","first_name":"kkk","phone":"01225796352"}', 'action': 'Save', 'cmd': 'frappe.desk.form.save.savedocs'}
2024-11-19 21:35:57,742 ERROR frappe New Exception collected in error log
Site: final.local
Form Dict: {'doc': '{"docstatus":0,"doctype":"CRM Lead","name":"new-crm-lead-jvqzbgonxx","__islocal":1,"__unsaved":1,"owner":"Administrator","naming_series":"CRM-LEAD-.YYYY.-","status":"New","no_of_employees":"1-10","converted":0,"duplicated":0,"sla_status":"","communication_status":"Open","status_change_log":[],"salutation":"Madam","first_name":"oi","phone":"01225796352"}', 'action': 'Save', 'cmd': 'frappe.desk.form.save.savedocs'}
2024-11-19 22:07:09,255 ERROR frappe New Exception collected in error log
Site: final.local
Form Dict: {'doc': '{"docstatus":0,"doctype":"CRM Lead","name":"new-crm-lead-tlnabynfxv","__islocal":1,"__unsaved":1,"owner":"Administrator","naming_series":"CRM-LEAD-.YYYY.-","status":"New","no_of_employees":"1-10","converted":0,"duplicated":0,"sla_status":"","communication_status":"Open","status_change_log":[],"salutation":"Madam","first_name":"nnnn","phone":"01225796352"}', 'action': 'Save', 'cmd': 'frappe.desk.form.save.savedocs'}
2024-11-19 22:07:43,635 ERROR frappe New Exception collected in error log
Site: final.local
Form Dict: {'doc': '{"docstatus":0,"doctype":"CRM Lead","name":"new-crm-lead-vrayqbctoq","__islocal":1,"__unsaved":1,"owner":"Administrator","naming_series":"CRM-LEAD-.YYYY.-","status":"New","no_of_employees":"1-10","converted":0,"duplicated":0,"sla_status":"","communication_status":"Open","status_change_log":[],"salutation":"Dr","first_name":"mmo","phone":"01225796352"}', 'action': 'Save', 'cmd': 'frappe.desk.form.save.savedocs'}
2024-11-19 22:24:15,657 ERROR frappe New Exception collected in error log
Site: final.local
Form Dict: {'doc': '{"docstatus":0,"doctype":"CRM Lead","name":"new-crm-lead-wzcwyunhba","__islocal":1,"__unsaved":1,"owner":"Administrator","naming_series":"CRM-LEAD-.YYYY.-","status":"New","no_of_employees":"1-10","converted":0,"duplicated":0,"sla_status":"","communication_status":"Open","status_change_log":[],"salutation":"Madam","first_name":"Roaa","last_name":"Abdelhady","email":"3nouby@gmail.com","phone":"01225796352"}', 'action': 'Save', 'cmd': 'frappe.desk.form.save.savedocs'}
2024-11-19 22:28:16,365 ERROR frappe New Exception collected in error log
Site: final.local
Form Dict: {'doc': '{"docstatus":0,"doctype":"CRM Lead","name":"new-crm-lead-wzcwyunhba","__islocal":1,"__unsaved":1,"owner":"Administrator","naming_series":"CRM-LEAD-.YYYY.-","status":"New","no_of_employees":"1-10","converted":0,"duplicated":0,"sla_status":"","communication_status":"Open","status_change_log":[],"salutation":"Madam","first_name":"Roaa","last_name":"Abdelhady","email":"3nouby@gmail.com","phone":"01225796352"}', 'action': 'Save', 'cmd': 'frappe.desk.form.save.savedocs'}
2024-11-19 22:43:16,667 ERROR frappe New Exception collected in error log
Site: final.local
Form Dict: {'doc': '{"docstatus":0,"doctype":"Lead","name":"new-lead-qodcvgfrnw","__islocal":1,"__unsaved":1,"owner":"Administrator","naming_series":"CRM-LEAD-.YYYY.-","lead_owner":"Administrator","status":"Lead","type":"","request_type":"","no_of_employees":"1-10","country":"Egypt","qualification_status":"Unqualified","company":"hh","language":"en","disabled":0,"unsubscribed":0,"blog_subscriber":0,"notes":[],"first_name":"roaa 2","phone":"01225796352"}', 'action': 'Save', 'cmd': 'frappe.desk.form.save.savedocs'}
2024-11-20 11:27:53,052 ERROR frappe New Exception collected in error log
Site: final.local
Form Dict: {'doc': '{"docstatus":0,"doctype":"CRM Lead","name":"new-crm-lead-wmwujsmplm","__islocal":1,"__unsaved":1,"owner":"Administrator","naming_series":"CRM-LEAD-.YYYY.-","status":"New","no_of_employees":"1-10","converted":0,"duplicated":0,"sla_status":"","communication_status":"Open","status_change_log":[],"salutation":"Madam","first_name":"llllllllll","phone":"01225796352"}', 'action': 'Save', 'cmd': 'frappe.desk.form.save.savedocs'}
2024-11-20 11:28:27,905 ERROR frappe New Exception collected in error log
Site: final.local
Form Dict: {'doc': '{"docstatus":0,"doctype":"CRM Lead","name":"new-crm-lead-wmwujsmplm","__islocal":1,"__unsaved":1,"owner":"Administrator","naming_series":"CRM-LEAD-.YYYY.-","status":"New","no_of_employees":"1-10","converted":0,"duplicated":0,"sla_status":"","communication_status":"Open","status_change_log":[],"salutation":"Madam","first_name":"llllllllll","phone":"01225796352"}', 'action': 'Save', 'cmd': 'frappe.desk.form.save.savedocs'}
2024-11-20 11:31:29,962 ERROR frappe New Exception collected in error log
Site: final.local
Form Dict: {'doc': '{"docstatus":0,"doctype":"CRM Lead","name":"new-crm-lead-wmwujsmplm","__islocal":1,"__unsaved":1,"owner":"Administrator","naming_series":"CRM-LEAD-.YYYY.-","status":"New","no_of_employees":"1-10","converted":0,"duplicated":0,"sla_status":"","communication_status":"Open","status_change_log":[],"salutation":"Madam","first_name":"llllllllll","phone":"01225796352"}', 'action': 'Save', 'cmd': 'frappe.desk.form.save.savedocs'}
2024-11-20 11:33:03,333 ERROR frappe New Exception collected in error log
Site: final.local
Form Dict: {'doc': '{"docstatus":0,"doctype":"CRM Lead","name":"new-crm-lead-wmwujsmplm","__islocal":1,"__unsaved":1,"owner":"Administrator","naming_series":"CRM-LEAD-.YYYY.-","status":"New","no_of_employees":"1-10","converted":0,"duplicated":0,"sla_status":"","communication_status":"Open","status_change_log":[],"salutation":"Madam","first_name":"llllllllll","phone":"01225796352"}', 'action': 'Save', 'cmd': 'frappe.desk.form.save.savedocs'}
2024-11-20 11:41:15,455 ERROR frappe New Exception collected in error log
Site: final.local
Form Dict: {'doc': '{"docstatus":0,"doctype":"CRM Lead","name":"new-crm-lead-wmwujsmplm","__islocal":1,"__unsaved":1,"owner":"Administrator","naming_series":"CRM-LEAD-.YYYY.-","status":"New","no_of_employees":"1-10","converted":0,"duplicated":0,"sla_status":"","communication_status":"Open","status_change_log":[],"salutation":"Madam","first_name":"llllllllll","phone":"01225796352"}', 'action': 'Save', 'cmd': 'frappe.desk.form.save.savedocs'}
2024-11-20 11:52:36,125 ERROR frappe New Exception collected in error log
Site: final.local
Form Dict: {'doc': '{"docstatus":0,"doctype":"CRM Lead","name":"new-crm-lead-uxbkoapgbc","__islocal":1,"__unsaved":1,"owner":"Administrator","naming_series":"CRM-LEAD-.YYYY.-","status":"New","no_of_employees":"1-10","converted":0,"duplicated":0,"sla_status":"","communication_status":"Open","status_change_log":[],"salutation":"Madam","first_name":"bbbb","phone":"01225796352"}', 'action': 'Save', 'cmd': 'frappe.desk.form.save.savedocs'}
2024-11-20 12:33:00,551 ERROR frappe New Exception collected in error log
Site: final.local
Form Dict: {'doc': '{"docstatus":0,"doctype":"CRM Lead","name":"new-crm-lead-sgtbwkozzz","__islocal":1,"__unsaved":1,"owner":"Administrator","naming_series":"CRM-LEAD-.YYYY.-","status":"New","no_of_employees":"1-10","converted":0,"duplicated":0,"sla_status":"","communication_status":"Open","status_change_log":[],"first_name":"hhhh","phone":"01225796352"}', 'action': 'Save', 'cmd': 'frappe.desk.form.save.savedocs'}
2024-11-20 12:41:45,294 ERROR frappe New Exception collected in error log
Site: final.local
Form Dict: {'doc': '{"docstatus":0,"doctype":"CRM Lead","name":"new-crm-lead-sgtbwkozzz","__islocal":1,"__unsaved":1,"owner":"Administrator","naming_series":"CRM-LEAD-.YYYY.-","status":"New","no_of_employees":"1-10","converted":0,"duplicated":0,"sla_status":"","communication_status":"Open","status_change_log":[],"first_name":"hhhh","phone":"01225796352"}', 'action': 'Save', 'cmd': 'frappe.desk.form.save.savedocs'}
2024-11-20 13:00:41,112 ERROR frappe New Exception collected in error log
Site: final.local
Form Dict: {'doc': '{"docstatus":0,"doctype":"CRM Lead","name":"new-crm-lead-jpjkawvqkm","__islocal":1,"__unsaved":1,"owner":"Administrator","naming_series":"CRM-LEAD-.YYYY.-","status":"New","no_of_employees":"1-10","converted":0,"duplicated":0,"sla_status":"","communication_status":"Open","status_change_log":[],"salutation":"Madam","first_name":"jjjjjjjjjjjjjjjjj","phone":"01225796352"}', 'action': 'Save', 'cmd': 'frappe.desk.form.save.savedocs'}
2024-11-20 13:19:56,879 ERROR frappe New Exception collected in error log
Site: final.local
Form Dict: {'doc': '{"docstatus":0,"doctype":"CRM Lead","name":"new-crm-lead-cdwzempfho","__islocal":1,"__unsaved":1,"owner":"Administrator","naming_series":"CRM-LEAD-.YYYY.-","status":"New","no_of_employees":"1-10","converted":0,"duplicated":0,"sla_status":"","communication_status":"Open","status_change_log":[],"salutation":"Miss","first_name":"llllllllll","phone":"01225796352"}', 'action': 'Save', 'cmd': 'frappe.desk.form.save.savedocs'}
2024-11-20 13:22:17,662 ERROR frappe New Exception collected in error log
Site: final.local
Form Dict: {'doc': '{"docstatus":0,"doctype":"CRM Lead","name":"new-crm-lead-cdwzempfho","__islocal":1,"__unsaved":1,"owner":"Administrator","naming_series":"CRM-LEAD-.YYYY.-","status":"New","no_of_employees":"1-10","converted":0,"duplicated":0,"sla_status":"","communication_status":"Open","status_change_log":[],"salutation":"Miss","first_name":"llllllllll","phone":"01225796352"}', 'action': 'Save', 'cmd': 'frappe.desk.form.save.savedocs'}
2024-11-20 13:34:30,937 ERROR frappe Error while inserting deferred Error Log record: Error Log unajh1rpb2: 'Title' (Module import failed for Duplicated Leads, the DocType you're trying to open might be deleted.
Error: No module named 'frappe.core.doctype.duplicated_leads') will get truncated, as max characters allowed is 140
Site: final.local
Form Dict: {}
2024-11-20 15:33:38,621 ERROR frappe New Exception collected in error log
Site: final.local
Form Dict: {'start': '2024-11-20', 'end': '2024-11-20', 'cmd': 'frappe.desk.doctype.event.event.get_events'}
2024-11-20 15:34:26,440 ERROR frappe New Exception collected in error log
Site: final.local
Form Dict: {'start': '2024-11-20', 'end': '2024-11-20', 'cmd': 'frappe.desk.doctype.event.event.get_events'}
2024-11-20 15:35:38,927 ERROR frappe New Exception collected in error log
Site: final.local
Form Dict: {'start': '2024-11-20', 'end': '2024-11-20', 'cmd': 'frappe.desk.doctype.event.event.get_events'}
